{"level":"info","message":"Migrating languages","timestamp":"2020-10-23T12:33:51.229Z"}
{"level":"info","message":"\u001b[32mLanguages have been imported successfully!\u001b[39m","timestamp":"2020-10-23T12:33:51.232Z"}
{"level":"info","message":"Migrating environment","timestamp":"2020-10-23T12:33:51.234Z"}
{"level":"info","message":"\u001b[32mEnvironments have been imported successfully!\u001b[39m","timestamp":"2020-10-23T12:33:53.120Z"}
{"level":"info","message":"\u001b[37mMigrating extensions\u001b[39m","timestamp":"2020-10-23T12:33:53.123Z"}
{"level":"info","message":"\u001b[37mMigrating webhooks\u001b[39m","timestamp":"2020-10-23T12:33:54.356Z"}
{"level":"info","message":"\u001b[32mExtensions have been imported successfully!\u001b[39m","timestamp":"2020-10-23T12:33:54.345Z"}
{"level":"info","message":"\u001b[37mNo Webhooks Found\u001b[39m","timestamp":"2020-10-23T12:33:54.358Z"}
{"level":"info","message":"\u001b[37mMigrating global-fields\u001b[39m","timestamp":"2020-10-23T12:33:54.365Z"}
{"level":"info","message":"\u001b[37mNo globalfields Found\u001b[39m","timestamp":"2020-10-23T12:33:54.367Z"}
{"level":"info","message":"Migrating assets","timestamp":"2020-10-23T12:33:54.375Z"}
{"level":"info","message":"No folders were found at: /home/abhishek/_backup_74/assets/folders.json","timestamp":"2020-10-23T12:33:54.379Z"}
{"level":"info","message":"\u001b[32mAsset bltc81e3becdfca4b9c published successfully\u001b[39m","timestamp":"2020-10-23T12:33:57.098Z"}
{"level":"info","message":"\u001b[32mAsset bltef7b1bdde3976c2b published successfully\u001b[39m","timestamp":"2020-10-23T12:33:59.154Z"}
{"level":"info","message":"Completed asset import of batch no: 1","timestamp":"2020-10-23T12:33:59.156Z"}
{"level":"info","message":"\u001b[32mAsset blt2a8335ca6e7f49b3 published successfully\u001b[39m","timestamp":"2020-10-23T12:34:06.125Z"}
{"level":"info","message":"\u001b[32mAsset bltf2bdcb4a2f3f1f3b published successfully\u001b[39m","timestamp":"2020-10-23T12:34:06.365Z"}
{"level":"info","message":"Completed asset import of batch no: 2","timestamp":"2020-10-23T12:34:06.366Z"}
{"level":"info","message":"\u001b[32mAsset import completed successfully!\u001b[39m","timestamp":"2020-10-23T12:34:06.368Z"}
{"level":"info","message":"Migrating contenttypes","timestamp":"2020-10-23T12:34:06.377Z"}
{"level":"info","message":"header was updated successfully!","timestamp":"2020-10-23T12:34:12.450Z"}
{"level":"info","message":"footer was updated successfully!","timestamp":"2020-10-23T12:34:12.451Z"}
{"level":"info","message":"home was updated successfully!","timestamp":"2020-10-23T12:34:12.451Z"}
{"level":"info","message":"privacy_policy was updated successfully!","timestamp":"2020-10-23T12:34:12.458Z"}
{"level":"info","message":"\u001b[32mContent types have been imported successfully!\u001b[39m","timestamp":"2020-10-23T12:34:12.459Z"}
{"level":"info","message":"Migrating entry","timestamp":"2020-10-23T12:34:12.483Z"}
{"level":"info","message":"\u001b[32mEntry blt312f97219ecb5a8a published successfully in footer content type\u001b[39m","timestamp":"2020-10-23T12:34:14.935Z"}
{"level":"info","message":"Entries created successfully in footer content type in en-us locale!","timestamp":"2020-10-23T12:34:14.938Z"}
{"level":"info","message":"\u001b[32mEntry blt1592e7907ba51719 published successfully in privacy_policy content type\u001b[39m","timestamp":"2020-10-23T12:34:17.587Z"}
{"level":"info","message":"Entries created successfully in privacy_policy content type in en-us locale!","timestamp":"2020-10-23T12:34:17.591Z"}
{"level":"info","message":"\u001b[32mEntry blt8105431f0c026095 published successfully in home content type\u001b[39m","timestamp":"2020-10-23T12:34:20.773Z"}
{"level":"info","message":"Entries created successfully in home content type in en-us locale!","timestamp":"2020-10-23T12:34:20.775Z"}
{"level":"info","message":"\u001b[32mEntry blt53f9d3ab0fcd4586 published successfully in header content type\u001b[39m","timestamp":"2020-10-23T12:34:24.447Z"}
{"level":"info","message":"Entries created successfully in header content type in en-us locale!","timestamp":"2020-10-23T12:34:24.450Z"}
{"level":"info","message":"\u001b[32mEntries created successfully in 'en-us' language\u001b[39m","timestamp":"2020-10-23T12:34:24.451Z"}
{"level":"info","message":"No entries without mapped uid found!","timestamp":"2020-10-23T12:34:24.452Z"}
{"level":"info","message":"\u001b[32mImported entries in 'en-us' language successfully!\u001b[39m","timestamp":"2020-10-23T12:34:24.455Z"}
{"level":"info","message":"Successfully imported 'en-us' entries!","timestamp":"2020-10-23T12:34:24.456Z"}
{"level":"info","message":"Re-modified content type schemas to their original form!","timestamp":"2020-10-23T12:34:24.467Z"}
{"level":"info","message":"\u001b[32mThe stack has been eradicated from bugged entries!\u001b[39m","timestamp":"2020-10-23T12:34:24.479Z"}
{"level":"info","message":"\u001b[32mEntries have been imported successfully!\u001b[39m","timestamp":"2020-10-23T12:34:24.480Z"}
{"level":"info","message":"\u001b[32mLabels have been imported successfully!\u001b[39m","timestamp":"2020-10-23T12:34:24.485Z"}
{"level":"info","message":"\u001b[37mMigrating labels\u001b[39m","timestamp":"2020-10-23T12:34:24.484Z"}
{"level":"info","message":"The log for this is stored at/home/abhishek/childB/logs/import","timestamp":"2020-10-23T12:34:24.486Z"}
{"level":"info","message":"\u001b[32mStack: blt2b0a2d99495232e9 has been imported succesfully!\u001b[39m","timestamp":"2020-10-23T12:34:24.486Z"}
