{"level":"info","message":"Starting assets export","timestamp":"2020-10-23T12:12:38.198Z"}
{"level":"info","message":"Downloaded logo-hover.png: blt006830424a708996 successfully!","timestamp":"2020-10-23T12:12:45.760Z"}
{"level":"info","message":"Downloaded product-bg.png: blt18bfe6c7b3b7aaff successfully!","timestamp":"2020-10-23T12:12:48.670Z"}
{"level":"info","message":"Downloaded variation_3.jpeg: blt7a4e7980a2d5bf80 successfully!","timestamp":"2020-10-23T12:12:53.473Z"}
{"level":"info","message":"Downloaded photo-coffe.jpeg: blta823c0bac712d93f successfully!","timestamp":"2020-10-23T12:12:59.874Z"}
{"level":"info","message":"Batch no 1 of assets is complete","timestamp":"2020-10-23T12:12:59.876Z"}
{"level":"info","message":"No folders were found in the stack!","timestamp":"2020-10-23T12:13:01.104Z"}
{"level":"info","message":"\u001b[32mAsset export completed successfully\u001b[39m","timestamp":"2020-10-23T12:13:01.106Z"}
{"level":"info","message":"Starting locale export","timestamp":"2020-10-23T12:13:01.117Z"}
{"level":"info","message":"No locales, other than master-locale were found in the Stack","timestamp":"2020-10-23T12:13:03.927Z"}
{"level":"info","message":"Starting environment export","timestamp":"2020-10-23T12:13:03.932Z"}
{"level":"info","message":"\u001b[32mAll the environments have been exported successfully\u001b[39m","timestamp":"2020-10-23T12:13:05.739Z"}
{"level":"info","message":"Starting extension export","timestamp":"2020-10-23T12:13:05.749Z"}
{"level":"info","message":"\u001b[32mAll the extensions have been exported successfully\u001b[39m","timestamp":"2020-10-23T12:13:07.080Z"}
{"level":"info","message":"Starting webhooks export","timestamp":"2020-10-23T12:13:07.089Z"}
{"level":"info","message":"No webhooks were found in the Stack","timestamp":"2020-10-23T12:13:09.193Z"}
{"level":"info","message":"Starting Global Fields export","timestamp":"2020-10-23T12:13:09.197Z"}
{"level":"info","message":"No Global Fields were found in the Stack","timestamp":"2020-10-23T12:13:12.439Z"}
{"level":"info","message":"Starting content type export","timestamp":"2020-10-23T12:13:12.453Z"}
{"level":"info","message":"\u001b[32mContent type export completed successfully\u001b[39m","timestamp":"2020-10-23T12:13:13.617Z"}
{"level":"info","message":"Starting entry migration","timestamp":"2020-10-23T12:13:13.620Z"}
{"level":"info","message":"Completed exporting header content type's entries in en-us locale","timestamp":"2020-10-23T12:13:19.643Z"}
{"level":"info","message":"Completed exporting privacy_policy content type's entries in en-us locale","timestamp":"2020-10-23T12:13:30.003Z"}
{"level":"info","message":"Completed exporting home content type's entries in en-us locale","timestamp":"2020-10-23T12:13:40.286Z"}
{"level":"info","message":"Completed exporting footer content type's entries in en-us locale","timestamp":"2020-10-23T12:13:47.051Z"}
{"level":"info","message":"Entry migration completed successfully","timestamp":"2020-10-23T12:13:47.053Z"}
{"level":"info","message":"Starting labels export","timestamp":"2020-10-23T12:13:47.059Z"}
{"level":"info","message":"No labels, other than master-labels were found in the Stack","timestamp":"2020-10-23T12:13:48.186Z"}
{"level":"info","message":"\u001b[32mStack: blt3b695b375889bf27 has been exported succesfully!\u001b[39m","timestamp":"2020-10-23T12:13:48.188Z"}
{"level":"info","message":"The log for this is stored at childA/logs/export","timestamp":"2020-10-23T12:13:48.189Z"}
