{"level":"info","message":"Migrating languages","timestamp":"2020-10-23T10:44:15.424Z"}
{"level":"info","message":"\u001b[32mLanguages have been imported successfully!\u001b[39m","timestamp":"2020-10-23T10:44:15.427Z"}
{"level":"info","message":"Migrating environment","timestamp":"2020-10-23T10:44:15.428Z"}
{"level":"info","message":"\u001b[32mEnvironments have been imported successfully!\u001b[39m","timestamp":"2020-10-23T10:44:16.719Z"}
{"level":"info","message":"\u001b[37mMigrating extensions\u001b[39m","timestamp":"2020-10-23T10:44:16.723Z"}
{"level":"info","message":"\u001b[32mExtensions have been imported successfully!\u001b[39m","timestamp":"2020-10-23T10:44:22.793Z"}
{"level":"info","message":"\u001b[37mMigrating webhooks\u001b[39m","timestamp":"2020-10-23T10:44:22.797Z"}
{"level":"info","message":"\u001b[37mNo Webhooks Found\u001b[39m","timestamp":"2020-10-23T10:44:22.799Z"}
{"level":"info","message":"\u001b[37mMigrating global-fields\u001b[39m","timestamp":"2020-10-23T10:44:22.805Z"}
{"level":"info","message":"\u001b[37mNo globalfields Found\u001b[39m","timestamp":"2020-10-23T10:44:22.809Z"}
{"level":"info","message":"Migrating assets","timestamp":"2020-10-23T10:44:22.815Z"}
{"level":"info","message":"No folders were found at: /home/abhishek/_backup_270/assets/folders.json","timestamp":"2020-10-23T10:44:22.817Z"}
{"level":"info","message":"\u001b[32mAsset blt7fe8cbc2779f2556 published successfully\u001b[39m","timestamp":"2020-10-23T10:44:26.508Z"}
{"level":"info","message":"\u001b[32mAsset bltf1897b512bd7d366 published successfully\u001b[39m","timestamp":"2020-10-23T10:44:30.361Z"}
{"level":"info","message":"Completed asset import of batch no: 1","timestamp":"2020-10-23T10:44:30.363Z"}
{"level":"info","message":"\u001b[32mAsset blt4de0e987c6aad977 published successfully\u001b[39m","timestamp":"2020-10-23T10:44:56.921Z"}
{"level":"info","message":"Completed asset import of batch no: 3","timestamp":"2020-10-23T10:44:56.922Z"}
{"level":"info","message":"\u001b[32mAsset blt6ff367f46c7b79fa published successfully\u001b[39m","timestamp":"2020-10-23T10:45:05.523Z"}
{"level":"info","message":"\u001b[32mAsset blt04cd7c1bb556d651 published successfully\u001b[39m","timestamp":"2020-10-23T10:45:07.433Z"}
{"level":"info","message":"Completed asset import of batch no: 2","timestamp":"2020-10-23T10:45:07.435Z"}
{"level":"info","message":"\u001b[32mAsset import completed successfully!\u001b[39m","timestamp":"2020-10-23T10:45:07.436Z"}
{"level":"info","message":"Migrating contenttypes","timestamp":"2020-10-23T10:45:07.437Z"}
{"level":"info","message":"footer was updated successfully!","timestamp":"2020-10-23T10:45:15.639Z"}
{"level":"info","message":"privacy_policy was updated successfully!","timestamp":"2020-10-23T10:45:16.658Z"}
{"level":"info","message":"header was updated successfully!","timestamp":"2020-10-23T10:45:16.816Z"}
{"level":"info","message":"home was updated successfully!","timestamp":"2020-10-23T10:45:17.967Z"}
{"level":"info","message":"\u001b[32mContent types have been imported successfully!\u001b[39m","timestamp":"2020-10-23T10:45:17.968Z"}
{"level":"info","message":"Migrating entry","timestamp":"2020-10-23T10:45:17.980Z"}
{"level":"info","message":"\u001b[32mEntry blt657c0aed0b50ebbc published successfully in footer content type\u001b[39m","timestamp":"2020-10-23T10:45:20.307Z"}
{"level":"info","message":"Entries created successfully in footer content type in en-us locale!","timestamp":"2020-10-23T10:45:20.309Z"}
{"level":"info","message":"\u001b[32mEntry bltc174a9063e78dbfe published successfully in privacy_policy content type\u001b[39m","timestamp":"2020-10-23T10:45:23.437Z"}
{"level":"info","message":"Entries created successfully in privacy_policy content type in en-us locale!","timestamp":"2020-10-23T10:45:23.440Z"}
{"level":"info","message":"\u001b[32mEntry blt160b0ce47b334b34 published successfully in home content type\u001b[39m","timestamp":"2020-10-23T10:45:27.357Z"}
{"level":"info","message":"Entries created successfully in home content type in en-us locale!","timestamp":"2020-10-23T10:45:27.361Z"}
{"level":"info","message":"\u001b[32mEntry blt22201e35e2e95011 published successfully in header content type\u001b[39m","timestamp":"2020-10-23T10:45:30.778Z"}
{"level":"info","message":"Entries created successfully in header content type in en-us locale!","timestamp":"2020-10-23T10:45:30.782Z"}
{"level":"info","message":"\u001b[32mEntries created successfully in 'en-us' language\u001b[39m","timestamp":"2020-10-23T10:45:30.783Z"}
{"level":"info","message":"No entries without mapped uid found!","timestamp":"2020-10-23T10:45:30.785Z"}
{"level":"info","message":"\u001b[32mImported entries in 'en-us' language successfully!\u001b[39m","timestamp":"2020-10-23T10:45:30.788Z"}
{"level":"info","message":"Successfully imported 'en-us' entries!","timestamp":"2020-10-23T10:45:30.789Z"}
{"level":"info","message":"Re-modified content type schemas to their original form!","timestamp":"2020-10-23T10:45:30.805Z"}
{"level":"info","message":"\u001b[32mThe stack has been eradicated from bugged entries!\u001b[39m","timestamp":"2020-10-23T10:45:30.815Z"}
{"level":"info","message":"\u001b[32mEntries have been imported successfully!\u001b[39m","timestamp":"2020-10-23T10:45:30.816Z"}
{"level":"info","message":"\u001b[37mMigrating labels\u001b[39m","timestamp":"2020-10-23T10:45:30.821Z"}
{"level":"info","message":"\u001b[32mLabels have been imported successfully!\u001b[39m","timestamp":"2020-10-23T10:45:30.822Z"}
{"level":"info","message":"\u001b[32mStack: blt2c5d472194f5ba1e has been imported succesfully!\u001b[39m","timestamp":"2020-10-23T10:45:30.823Z"}
{"level":"info","message":"The log for this is stored at/home/abhishek/new-global-stack/logs/import","timestamp":"2020-10-23T10:45:30.823Z"}
